<?xml version="1.0" encoding="UTF-8"?>
<testsuite name="com.code4alex.checkers.CheckersApplicationTests" tests="1" skipped="0" failures="0" errors="0" timestamp="2024-01-14T18:40:19" hostname="YoRHa" time="0.606">
  <properties/>
  <testcase name="contextLoads()" classname="com.code4alex.checkers.CheckersApplicationTests" time="0.606"/>
  <system-out><![CDATA[20:40:18.467 [Test worker] INFO org.springframework.test.context.support.AnnotationConfigContextLoaderUtils -- Could not detect default configuration classes for test class [com.code4alex.checkers.CheckersApplicationTests]: CheckersApplicationTests does not declare any static, non-private, non-final, nested classes annotated with @Configuration.
20:40:18.555 [Test worker] INFO org.springframework.boot.test.context.SpringBootTestContextBootstrapper -- Found @SpringBootConfiguration com.code4alex.checkers.CheckersApplication for test class com.code4alex.checkers.CheckersApplicationTests

  .   ____          _            __ _ _
 /\\ / ___'_ __ _ _(_)_ __  __ _ \ \ \ \
( ( )\___ | '_ | '_| | '_ \/ _` | \ \ \ \
 \\/  ___)| |_)| | | | | || (_| |  ) ) ) )
  '  |____| .__|_| |_|_| |_\__, | / / / /
 =========|_|==============|___/=/_/_/_/
 :: Spring Boot ::                (v3.2.1)

2024-01-14T20:40:18.857+02:00  INFO 1447 --- [    Test worker] c.c.checkers.CheckersApplicationTests    : Starting CheckersApplicationTests using Java 21.0.1 with PID 1447 (started by alex in /home/alex/checkers-weak-search)
2024-01-14T20:40:18.858+02:00  INFO 1447 --- [    Test worker] c.c.checkers.CheckersApplicationTests    : No active profile set, falling back to 1 default profile: "default"
2024-01-14T20:40:19.322+02:00  INFO 1447 --- [    Test worker] c.c.checkers.CheckersApplicationTests    : Started CheckersApplicationTests in 0.637 seconds (process running for 1.509)
]]></system-out>
  <system-err><![CDATA[WARNING: A Java agent has been loaded dynamically (/home/alex/.gradle/caches/modules-2/files-2.1/net.bytebuddy/byte-buddy-agent/1.14.10/90ed94ac044ea8953b224304c762316e91fd6b31/byte-buddy-agent-1.14.10.jar)
WARNING: If a serviceability tool is in use, please run with -XX:+EnableDynamicAgentLoading to hide this warning
WARNING: If a serviceability tool is not in use, please run with -Djdk.instrument.traceUsage for more information
WARNING: Dynamic loading of agents will be disallowed by default in a future release
]]></system-err>
</testsuite>
